<?xml version="1.0" encoding="UTF-8"?>
<testng-results ignored="0" total="1" passed="1" failed="0" skipped="0">
  <reporter-output>
  </reporter-output>
  <suite started-at="2023-01-29T17:41:22 IST" name="Default suite" finished-at="2023-01-29T17:42:16 IST" duration-ms="53839">
    <groups>
    </groups>
    <test started-at="2023-01-29T17:41:22 IST" name="Default test" finished-at="2023-01-29T17:42:16 IST" duration-ms="53839">
      <class name="TestClass_1.Superheros_signupmodule_Test">
        <test-method is-config="true" signature="openbrowser()[pri:0, instance:TestClass_1.Superheros_signupmodule_Test@7c24b813]" started-at="2023-01-29T17:41:22 IST" name="openbrowser" finished-at="2023-01-29T17:41:38 IST" duration-ms="16200" status="PASS">
          <reporter-output>
          </reporter-output>
        </test-method> <!-- openbrowser -->
        <test-method signature="ragisterpage()[pri:0, instance:TestClass_1.Superheros_signupmodule_Test@7c24b813]" started-at="2023-01-29T17:41:39 IST" name="ragisterpage" finished-at="2023-01-29T17:42:15 IST" duration-ms="36337" status="PASS">
          <reporter-output>
          </reporter-output>
        </test-method> <!-- ragisterpage -->
        <test-method is-config="true" signature="closeapp()[pri:0, instance:TestClass_1.Superheros_signupmodule_Test@7c24b813]" started-at="2023-01-29T17:42:15 IST" name="closeapp" finished-at="2023-01-29T17:42:16 IST" duration-ms="788" status="PASS">
          <reporter-output>
          </reporter-output>
        </test-method> <!-- closeapp -->
      </class> <!-- TestClass_1.Superheros_signupmodule_Test -->
    </test> <!-- Default test -->
  </suite> <!-- Default suite -->
</testng-results>
